<?xml version="1.0" encoding="UTF-8"?>
<testsuite xmlns:xsi="http://www.w3.org/2001/XMLSchema-instance" xsi:noNamespaceSchemaLocation="https://maven.apache.org/surefire/maven-surefire-plugin/xsd/surefire-test-report-3.0.xsd" version="3.0" name="com.user.usermanagementservice.UserManagementMicroserviceApplicationTests" time="0.01" tests="1" errors="0" skipped="0" failures="0">
  <properties>
    <property name="java.specification.version" value="21"/>
    <property name="sun.jnu.encoding" value="UTF-8"/>
    <property name="java.class.path" value="/Users/clementearriagada/Desktop/user-management-service/target/test-classes:/Users/clementearriagada/Desktop/user-management-service/target/classes:/Users/clementearriagada/.m2/repository/org/springframework/boot/spring-boot-starter-actuator/3.2.1/spring-boot-starter-actuator-3.2.1.jar:/Users/clementearriagada/.m2/repository/org/springframework/boot/spring-boot-starter/3.2.1/spring-boot-starter-3.2.1.jar:/Users/clementearriagada/.m2/repository/org/springframework/boot/spring-boot-starter-logging/3.2.1/spring-boot-starter-logging-3.2.1.jar:/Users/clementearriagada/.m2/repository/ch/qos/logback/logback-classic/1.4.14/logback-classic-1.4.14.jar:/Users/clementearriagada/.m2/repository/ch/qos/logback/logback-core/1.4.14/logback-core-1.4.14.jar:/Users/clementearriagada/.m2/repository/org/apache/logging/log4j/log4j-to-slf4j/2.21.1/log4j-to-slf4j-2.21.1.jar:/Users/clementearriagada/.m2/repository/org/apache/logging/log4j/log4j-api/2.21.1/log4j-api-2.21.1.jar:/Users/clementearriagada/.m2/repository/org/slf4j/jul-to-slf4j/2.0.9/jul-to-slf4j-2.0.9.jar:/Users/clementearriagada/.m2/repository/jakarta/annotation/jakarta.annotation-api/2.1.1/jakarta.annotation-api-2.1.1.jar:/Users/clementearriagada/.m2/repository/org/springframework/boot/spring-boot-actuator-autoconfigure/3.2.1/spring-boot-actuator-autoconfigure-3.2.1.jar:/Users/clementearriagada/.m2/repository/org/springframework/boot/spring-boot-actuator/3.2.1/spring-boot-actuator-3.2.1.jar:/Users/clementearriagada/.m2/repository/com/fasterxml/jackson/datatype/jackson-datatype-jsr310/2.15.3/jackson-datatype-jsr310-2.15.3.jar:/Users/clementearriagada/.m2/repository/io/micrometer/micrometer-observation/1.12.1/micrometer-observation-1.12.1.jar:/Users/clementearriagada/.m2/repository/io/micrometer/micrometer-commons/1.12.1/micrometer-commons-1.12.1.jar:/Users/clementearriagada/.m2/repository/io/micrometer/micrometer-jakarta9/1.12.1/micrometer-jakarta9-1.12.1.jar:/Users/clementearriagada/.m2/repository/io/micrometer/micrometer-core/1.12.1/micrometer-core-1.12.1.jar:/Users/clementearriagada/.m2/repository/org/hdrhistogram/HdrHistogram/2.1.12/HdrHistogram-2.1.12.jar:/Users/clementearriagada/.m2/repository/org/latencyutils/LatencyUtils/2.0.3/LatencyUtils-2.0.3.jar:/Users/clementearriagada/.m2/repository/org/springframework/boot/spring-boot-starter-data-jpa/3.2.1/spring-boot-starter-data-jpa-3.2.1.jar:/Users/clementearriagada/.m2/repository/org/springframework/boot/spring-boot-starter-aop/3.2.1/spring-boot-starter-aop-3.2.1.jar:/Users/clementearriagada/.m2/repository/org/aspectj/aspectjweaver/1.9.21/aspectjweaver-1.9.21.jar:/Users/clementearriagada/.m2/repository/org/springframework/boot/spring-boot-starter-jdbc/3.2.1/spring-boot-starter-jdbc-3.2.1.jar:/Users/clementearriagada/.m2/repository/com/zaxxer/HikariCP/5.0.1/HikariCP-5.0.1.jar:/Users/clementearriagada/.m2/repository/org/springframework/spring-jdbc/6.1.2/spring-jdbc-6.1.2.jar:/Users/clementearriagada/.m2/repository/org/springframework/data/spring-data-jpa/3.2.1/spring-data-jpa-3.2.1.jar:/Users/clementearriagada/.m2/repository/org/springframework/data/spring-data-commons/3.2.1/spring-data-commons-3.2.1.jar:/Users/clementearriagada/.m2/repository/org/springframework/spring-orm/6.1.2/spring-orm-6.1.2.jar:/Users/clementearriagada/.m2/repository/org/springframework/spring-context/6.1.2/spring-context-6.1.2.jar:/Users/clementearriagada/.m2/repository/org/springframework/spring-tx/6.1.2/spring-tx-6.1.2.jar:/Users/clementearriagada/.m2/repository/org/springframework/spring-beans/6.1.2/spring-beans-6.1.2.jar:/Users/clementearriagada/.m2/repository/org/slf4j/slf4j-api/2.0.9/slf4j-api-2.0.9.jar:/Users/clementearriagada/.m2/repository/org/springframework/spring-aspects/6.1.2/spring-aspects-6.1.2.jar:/Users/clementearriagada/.m2/repository/org/springframework/boot/spring-boot-starter-security/3.2.1/spring-boot-starter-security-3.2.1.jar:/Users/clementearriagada/.m2/repository/org/springframework/spring-aop/6.1.2/spring-aop-6.1.2.jar:/Users/clementearriagada/.m2/repository/org/springframework/security/spring-security-config/6.2.1/spring-security-config-6.2.1.jar:/Users/clementearriagada/.m2/repository/org/springframework/security/spring-security-web/6.2.1/spring-security-web-6.2.1.jar:/Users/clementearriagada/.m2/repository/org/springframework/spring-expression/6.1.2/spring-expression-6.1.2.jar:/Users/clementearriagada/.m2/repository/org/springframework/boot/spring-boot-starter-validation/3.2.1/spring-boot-starter-validation-3.2.1.jar:/Users/clementearriagada/.m2/repository/org/apache/tomcat/embed/tomcat-embed-el/10.1.17/tomcat-embed-el-10.1.17.jar:/Users/clementearriagada/.m2/repository/org/hibernate/validator/hibernate-validator/8.0.1.Final/hibernate-validator-8.0.1.Final.jar:/Users/clementearriagada/.m2/repository/jakarta/validation/jakarta.validation-api/3.0.2/jakarta.validation-api-3.0.2.jar:/Users/clementearriagada/.m2/repository/org/springframework/boot/spring-boot-starter-web/3.2.1/spring-boot-starter-web-3.2.1.jar:/Users/clementearriagada/.m2/repository/org/springframework/boot/spring-boot-starter-json/3.2.1/spring-boot-starter-json-3.2.1.jar:/Users/clementearriagada/.m2/repository/com/fasterxml/jackson/datatype/jackson-datatype-jdk8/2.15.3/jackson-datatype-jdk8-2.15.3.jar:/Users/clementearriagada/.m2/repository/com/fasterxml/jackson/module/jackson-module-parameter-names/2.15.3/jackson-module-parameter-names-2.15.3.jar:/Users/clementearriagada/.m2/repository/org/springframework/boot/spring-boot-starter-tomcat/3.2.1/spring-boot-starter-tomcat-3.2.1.jar:/Users/clementearriagada/.m2/repository/org/apache/tomcat/embed/tomcat-embed-core/10.1.17/tomcat-embed-core-10.1.17.jar:/Users/clementearriagada/.m2/repository/org/apache/tomcat/embed/tomcat-embed-websocket/10.1.17/tomcat-embed-websocket-10.1.17.jar:/Users/clementearriagada/.m2/repository/org/springframework/spring-web/6.1.2/spring-web-6.1.2.jar:/Users/clementearriagada/.m2/repository/org/springframework/spring-webmvc/6.1.2/spring-webmvc-6.1.2.jar:/Users/clementearriagada/.m2/repository/jakarta/persistence/jakarta.persistence-api/3.1.0/jakarta.persistence-api-3.1.0.jar:/Users/clementearriagada/.m2/repository/org/springframework/boot/spring-boot-devtools/3.2.1/spring-boot-devtools-3.2.1.jar:/Users/clementearriagada/.m2/repository/org/springframework/boot/spring-boot/3.2.1/spring-boot-3.2.1.jar:/Users/clementearriagada/.m2/repository/org/springframework/boot/spring-boot-autoconfigure/3.2.1/spring-boot-autoconfigure-3.2.1.jar:/Users/clementearriagada/.m2/repository/org/postgresql/postgresql/42.5.1/postgresql-42.5.1.jar:/Users/clementearriagada/.m2/repository/org/checkerframework/checker-qual/3.5.0/checker-qual-3.5.0.jar:/Users/clementearriagada/.m2/repository/org/projectlombok/lombok/1.18.30/lombok-1.18.30.jar:/Users/clementearriagada/.m2/repository/io/jsonwebtoken/jjwt-api/0.11.5/jjwt-api-0.11.5.jar:/Users/clementearriagada/.m2/repository/io/jsonwebtoken/jjwt-impl/0.11.5/jjwt-impl-0.11.5.jar:/Users/clementearriagada/.m2/repository/io/jsonwebtoken/jjwt-jackson/0.11.5/jjwt-jackson-0.11.5.jar:/Users/clementearriagada/.m2/repository/com/fasterxml/jackson/core/jackson-databind/2.15.3/jackson-databind-2.15.3.jar:/Users/clementearriagada/.m2/repository/com/fasterxml/jackson/core/jackson-annotations/2.15.3/jackson-annotations-2.15.3.jar:/Users/clementearriagada/.m2/repository/com/fasterxml/jackson/core/jackson-core/2.15.3/jackson-core-2.15.3.jar:/Users/clementearriagada/.m2/repository/org/springframework/boot/spring-boot-starter-test/3.2.1/spring-boot-starter-test-3.2.1.jar:/Users/clementearriagada/.m2/repository/org/springframework/boot/spring-boot-test/3.2.1/spring-boot-test-3.2.1.jar:/Users/clementearriagada/.m2/repository/org/springframework/boot/spring-boot-test-autoconfigure/3.2.1/spring-boot-test-autoconfigure-3.2.1.jar:/Users/clementearriagada/.m2/repository/com/jayway/jsonpath/json-path/2.8.0/json-path-2.8.0.jar:/Users/clementearriagada/.m2/repository/jakarta/xml/bind/jakarta.xml.bind-api/4.0.1/jakarta.xml.bind-api-4.0.1.jar:/Users/clementearriagada/.m2/repository/jakarta/activation/jakarta.activation-api/2.1.2/jakarta.activation-api-2.1.2.jar:/Users/clementearriagada/.m2/repository/net/minidev/json-smart/2.5.0/json-smart-2.5.0.jar:/Users/clementearriagada/.m2/repository/net/minidev/accessors-smart/2.5.0/accessors-smart-2.5.0.jar:/Users/clementearriagada/.m2/repository/org/assertj/assertj-core/3.24.2/assertj-core-3.24.2.jar:/Users/clementearriagada/.m2/repository/org/awaitility/awaitility/4.2.0/awaitility-4.2.0.jar:/Users/clementearriagada/.m2/repository/org/hamcrest/hamcrest/2.2/hamcrest-2.2.jar:/Users/clementearriagada/.m2/repository/org/junit/jupiter/junit-jupiter/5.10.1/junit-jupiter-5.10.1.jar:/Users/clementearriagada/.m2/repository/org/junit/jupiter/junit-jupiter-api/5.10.1/junit-jupiter-api-5.10.1.jar:/Users/clementearriagada/.m2/repository/org/opentest4j/opentest4j/1.3.0/opentest4j-1.3.0.jar:/Users/clementearriagada/.m2/repository/org/junit/platform/junit-platform-commons/1.10.1/junit-platform-commons-1.10.1.jar:/Users/clementearriagada/.m2/repository/org/apiguardian/apiguardian-api/1.1.2/apiguardian-api-1.1.2.jar:/Users/clementearriagada/.m2/repository/org/junit/jupiter/junit-jupiter-params/5.10.1/junit-jupiter-params-5.10.1.jar:/Users/clementearriagada/.m2/repository/org/junit/jupiter/junit-jupiter-engine/5.10.1/junit-jupiter-engine-5.10.1.jar:/Users/clementearriagada/.m2/repository/org/junit/platform/junit-platform-engine/1.10.1/junit-platform-engine-1.10.1.jar:/Users/clementearriagada/.m2/repository/org/mockito/mockito-core/5.7.0/mockito-core-5.7.0.jar:/Users/clementearriagada/.m2/repository/net/bytebuddy/byte-buddy-agent/1.14.10/byte-buddy-agent-1.14.10.jar:/Users/clementearriagada/.m2/repository/org/objenesis/objenesis/3.3/objenesis-3.3.jar:/Users/clementearriagada/.m2/repository/org/mockito/mockito-junit-jupiter/5.7.0/mockito-junit-jupiter-5.7.0.jar:/Users/clementearriagada/.m2/repository/org/skyscreamer/jsonassert/1.5.1/jsonassert-1.5.1.jar:/Users/clementearriagada/.m2/repository/com/vaadin/external/google/android-json/0.0.20131108.vaadin1/android-json-0.0.20131108.vaadin1.jar:/Users/clementearriagada/.m2/repository/org/springframework/spring-core/6.1.2/spring-core-6.1.2.jar:/Users/clementearriagada/.m2/repository/org/springframework/spring-jcl/6.1.2/spring-jcl-6.1.2.jar:/Users/clementearriagada/.m2/repository/org/springframework/spring-test/6.1.2/spring-test-6.1.2.jar:/Users/clementearriagada/.m2/repository/org/xmlunit/xmlunit-core/2.9.1/xmlunit-core-2.9.1.jar:/Users/clementearriagada/.m2/repository/org/springframework/security/spring-security-test/6.2.1/spring-security-test-6.2.1.jar:/Users/clementearriagada/.m2/repository/org/springframework/security/spring-security-core/6.2.1/spring-security-core-6.2.1.jar:/Users/clementearriagada/.m2/repository/org/springframework/security/spring-security-crypto/6.2.1/spring-security-crypto-6.2.1.jar:/Users/clementearriagada/.m2/repository/org/springdoc/springdoc-openapi-starter-webmvc-ui/2.1.0/springdoc-openapi-starter-webmvc-ui-2.1.0.jar:/Users/clementearriagada/.m2/repository/org/springdoc/springdoc-openapi-starter-webmvc-api/2.1.0/springdoc-openapi-starter-webmvc-api-2.1.0.jar:/Users/clementearriagada/.m2/repository/org/springdoc/springdoc-openapi-starter-common/2.1.0/springdoc-openapi-starter-common-2.1.0.jar:/Users/clementearriagada/.m2/repository/io/swagger/core/v3/swagger-core-jakarta/2.2.9/swagger-core-jakarta-2.2.9.jar:/Users/clementearriagada/.m2/repository/io/swagger/core/v3/swagger-models-jakarta/2.2.9/swagger-models-jakarta-2.2.9.jar:/Users/clementearriagada/.m2/repository/com/fasterxml/jackson/dataformat/jackson-dataformat-yaml/2.15.3/jackson-dataformat-yaml-2.15.3.jar:/Users/clementearriagada/.m2/repository/org/webjars/swagger-ui/4.18.2/swagger-ui-4.18.2.jar:/Users/clementearriagada/.m2/repository/org/hibernate/orm/hibernate-core/6.4.1.Final/hibernate-core-6.4.1.Final.jar:/Users/clementearriagada/.m2/repository/jakarta/transaction/jakarta.transaction-api/2.0.1/jakarta.transaction-api-2.0.1.jar:/Users/clementearriagada/.m2/repository/org/jboss/logging/jboss-logging/3.5.3.Final/jboss-logging-3.5.3.Final.jar:/Users/clementearriagada/.m2/repository/org/hibernate/common/hibernate-commons-annotations/6.0.6.Final/hibernate-commons-annotations-6.0.6.Final.jar:/Users/clementearriagada/.m2/repository/io/smallrye/jandex/3.1.2/jandex-3.1.2.jar:/Users/clementearriagada/.m2/repository/com/fasterxml/classmate/1.6.0/classmate-1.6.0.jar:/Users/clementearriagada/.m2/repository/net/bytebuddy/byte-buddy/1.14.10/byte-buddy-1.14.10.jar:/Users/clementearriagada/.m2/repository/org/glassfish/jaxb/jaxb-runtime/4.0.4/jaxb-runtime-4.0.4.jar:/Users/clementearriagada/.m2/repository/org/glassfish/jaxb/jaxb-core/4.0.4/jaxb-core-4.0.4.jar:/Users/clementearriagada/.m2/repository/org/eclipse/angus/angus-activation/2.0.1/angus-activation-2.0.1.jar:/Users/clementearriagada/.m2/repository/org/glassfish/jaxb/txw2/4.0.4/txw2-4.0.4.jar:/Users/clementearriagada/.m2/repository/com/sun/istack/istack-commons-runtime/4.1.2/istack-commons-runtime-4.1.2.jar:/Users/clementearriagada/.m2/repository/jakarta/inject/jakarta.inject-api/2.0.1/jakarta.inject-api-2.0.1.jar:/Users/clementearriagada/.m2/repository/org/antlr/antlr4-runtime/4.13.0/antlr4-runtime-4.13.0.jar:/Users/clementearriagada/.m2/repository/org/jetbrains/annotations/23.0.0/annotations-23.0.0.jar:/Users/clementearriagada/.m2/repository/io/swagger/core/v3/swagger-annotations-jakarta/2.2.9/swagger-annotations-jakarta-2.2.9.jar:/Users/clementearriagada/.m2/repository/io/fabric8/docker-maven-plugin/0.43.4/docker-maven-plugin-0.43.4.jar:/Users/clementearriagada/.m2/repository/com/github/jnr/jffi/1.3.11/jffi-1.3.11.jar:/Users/clementearriagada/.m2/repository/com/github/jnr/jffi/1.3.11/jffi-1.3.11-native.jar:/Users/clementearriagada/.m2/repository/com/github/jnr/jnr-unixsocket/0.38.19/jnr-unixsocket-0.38.19.jar:/Users/clementearriagada/.m2/repository/com/github/jnr/jnr-ffi/2.2.13/jnr-ffi-2.2.13.jar:/Users/clementearriagada/.m2/repository/org/ow2/asm/asm-commons/9.2/asm-commons-9.2.jar:/Users/clementearriagada/.m2/repository/org/ow2/asm/asm-analysis/9.2/asm-analysis-9.2.jar:/Users/clementearriagada/.m2/repository/org/ow2/asm/asm-tree/9.2/asm-tree-9.2.jar:/Users/clementearriagada/.m2/repository/org/ow2/asm/asm-util/9.2/asm-util-9.2.jar:/Users/clementearriagada/.m2/repository/com/github/jnr/jnr-a64asm/1.0.0/jnr-a64asm-1.0.0.jar:/Users/clementearriagada/.m2/repository/com/github/jnr/jnr-x86asm/1.0.2/jnr-x86asm-1.0.2.jar:/Users/clementearriagada/.m2/repository/com/github/jnr/jnr-constants/0.10.4/jnr-constants-0.10.4.jar:/Users/clementearriagada/.m2/repository/com/github/jnr/jnr-enxio/0.32.14/jnr-enxio-0.32.14.jar:/Users/clementearriagada/.m2/repository/com/github/jnr/jnr-posix/3.1.16/jnr-posix-3.1.16.jar:/Users/clementearriagada/.m2/repository/com/google/cloud/tools/jib-core/0.24.0/jib-core-0.24.0.jar:/Users/clementearriagada/.m2/repository/com/google/cloud/tools/jib-build-plan/0.4.0/jib-build-plan-0.4.0.jar:/Users/clementearriagada/.m2/repository/com/google/http-client/google-http-client/1.42.2/google-http-client-1.42.2.jar:/Users/clementearriagada/.m2/repository/io/opencensus/opencensus-api/0.31.1/opencensus-api-0.31.1.jar:/Users/clementearriagada/.m2/repository/io/grpc/grpc-context/1.27.2/grpc-context-1.27.2.jar:/Users/clementearriagada/.m2/repository/io/opencensus/opencensus-contrib-http-util/0.31.1/opencensus-contrib-http-util-0.31.1.jar:/Users/clementearriagada/.m2/repository/com/google/http-client/google-http-client-apache-v2/1.42.2/google-http-client-apache-v2-1.42.2.jar:/Users/clementearriagada/.m2/repository/com/google/auth/google-auth-library-oauth2-http/1.10.0/google-auth-library-oauth2-http-1.10.0.jar:/Users/clementearriagada/.m2/repository/com/google/auto/value/auto-value-annotations/1.9/auto-value-annotations-1.9.jar:/Users/clementearriagada/.m2/repository/com/google/auth/google-auth-library-credentials/1.10.0/google-auth-library-credentials-1.10.0.jar:/Users/clementearriagada/.m2/repository/com/google/http-client/google-http-client-gson/1.42.2/google-http-client-gson-1.42.2.jar:/Users/clementearriagada/.m2/repository/org/apache/commons/commons-compress/1.21/commons-compress-1.21.jar:/Users/clementearriagada/.m2/repository/org/ow2/asm/asm/9.5/asm-9.5.jar:/Users/clementearriagada/.m2/repository/com/google/code/gson/gson/2.10.1/gson-2.10.1.jar:/Users/clementearriagada/.m2/repository/com/google/guava/guava/32.0.1-jre/guava-32.0.1-jre.jar:/Users/clementearriagada/.m2/repository/com/google/guava/failureaccess/1.0.1/failureaccess-1.0.1.jar:/Users/clementearriagada/.m2/repository/com/google/guava/listenablefuture/9999.0-empty-to-avoid-conflict-with-guava/listenablefuture-9999.0-empty-to-avoid-conflict-with-guava.jar:/Users/clementearriagada/.m2/repository/com/google/code/findbugs/jsr305/3.0.2/jsr305-3.0.2.jar:/Users/clementearriagada/.m2/repository/com/google/errorprone/error_prone_annotations/2.18.0/error_prone_annotations-2.18.0.jar:/Users/clementearriagada/.m2/repository/com/google/j2objc/j2objc-annotations/2.8/j2objc-annotations-2.8.jar:/Users/clementearriagada/.m2/repository/net/jodah/failsafe/2.4.0/failsafe-2.4.0.jar:/Users/clementearriagada/.m2/repository/org/apache/commons/commons-lang3/3.13.0/commons-lang3-3.13.0.jar:/Users/clementearriagada/.m2/repository/org/apache/commons/commons-text/1.1/commons-text-1.1.jar:/Users/clementearriagada/.m2/repository/org/apache/httpcomponents/httpclient/4.5.13/httpclient-4.5.13.jar:/Users/clementearriagada/.m2/repository/org/apache/httpcomponents/httpcore/4.4.16/httpcore-4.4.16.jar:/Users/clementearriagada/.m2/repository/commons-logging/commons-logging/1.2/commons-logging-1.2.jar:/Users/clementearriagada/.m2/repository/commons-codec/commons-codec/1.16.0/commons-codec-1.16.0.jar:/Users/clementearriagada/.m2/repository/org/apache/maven/plugins/maven-assembly-plugin/3.1.0/maven-assembly-plugin-3.1.0.jar:/Users/clementearriagada/.m2/repository/org/apache/maven/maven-plugin-api/3.0/maven-plugin-api-3.0.jar:/Users/clementearriagada/.m2/repository/org/sonatype/sisu/sisu-inject-plexus/1.4.2/sisu-inject-plexus-1.4.2.jar:/Users/clementearriagada/.m2/repository/org/sonatype/sisu/sisu-inject-bean/1.4.2/sisu-inject-bean-1.4.2.jar:/Users/clementearriagada/.m2/repository/org/sonatype/sisu/sisu-guice/2.1.7/sisu-guice-2.1.7-noaop.jar:/Users/clementearriagada/.m2/repository/org/apache/maven/maven-core/3.0/maven-core-3.0.jar:/Users/clementearriagada/.m2/repository/org/apache/maven/maven-settings/3.0/maven-settings-3.0.jar:/Users/clementearriagada/.m2/repository/org/apache/maven/maven-settings-builder/3.0/maven-settings-builder-3.0.jar:/Users/clementearriagada/.m2/repository/org/apache/maven/maven-repository-metadata/3.0/maven-repository-metadata-3.0.jar:/Users/clementearriagada/.m2/repository/org/apache/maven/maven-model-builder/3.0/maven-model-builder-3.0.jar:/Users/clementearriagada/.m2/repository/org/apache/maven/maven-aether-provider/3.0/maven-aether-provider-3.0.jar:/Users/clementearriagada/.m2/repository/org/sonatype/aether/aether-impl/1.7/aether-impl-1.7.jar:/Users/clementearriagada/.m2/repository/org/sonatype/aether/aether-spi/1.7/aether-spi-1.7.jar:/Users/clementearriagada/.m2/repository/org/sonatype/aether/aether-api/1.7/aether-api-1.7.jar:/Users/clementearriagada/.m2/repository/org/sonatype/aether/aether-util/1.7/aether-util-1.7.jar:/Users/clementearriagada/.m2/repository/org/codehaus/plexus/plexus-classworlds/2.2.3/plexus-classworlds-2.2.3.jar:/Users/clementearriagada/.m2/repository/org/codehaus/plexus/plexus-component-annotations/1.5.5/plexus-component-annotations-1.5.5.jar:/Users/clementearriagada/.m2/repository/org/sonatype/plexus/plexus-sec-dispatcher/1.3/plexus-sec-dispatcher-1.3.jar:/Users/clementearriagada/.m2/repository/org/sonatype/plexus/plexus-cipher/1.4/plexus-cipher-1.4.jar:/Users/clementearriagada/.m2/repository/org/apache/maven/maven-artifact/3.0/maven-artifact-3.0.jar:/Users/clementearriagada/.m2/repository/org/apache/maven/maven-model/3.0/maven-model-3.0.jar:/Users/clementearriagada/.m2/repository/org/apache/maven/shared/maven-common-artifact-filters/3.0.1/maven-common-artifact-filters-3.0.1.jar:/Users/clementearriagada/.m2/repository/org/apache/maven/shared/maven-shared-utils/3.1.0/maven-shared-utils-3.1.0.jar:/Users/clementearriagada/.m2/repository/org/apache/maven/shared/maven-artifact-transfer/0.9.0/maven-artifact-transfer-0.9.0.jar:/Users/clementearriagada/.m2/repository/org/codehaus/plexus/plexus-archiver/3.5/plexus-archiver-3.5.jar:/Users/clementearriagada/.m2/repository/org/iq80/snappy/snappy/0.4/snappy-0.4.jar:/Users/clementearriagada/.m2/repository/org/tukaani/xz/1.6/xz-1.6.jar:/Users/clementearriagada/.m2/repository/org/apache/maven/shared/file-management/3.0.0/file-management-3.0.0.jar:/Users/clementearriagada/.m2/repository/org/apache/maven/shared/maven-shared-io/3.0.0/maven-shared-io-3.0.0.jar:/Users/clementearriagada/.m2/repository/org/apache/maven/maven-compat/3.0/maven-compat-3.0.jar:/Users/clementearriagada/.m2/repository/org/apache/maven/wagon/wagon-provider-api/2.10/wagon-provider-api-2.10.jar:/Users/clementearriagada/.m2/repository/commons-io/commons-io/2.5/commons-io-2.5.jar:/Users/clementearriagada/.m2/repository/org/apache/maven/shared/maven-filtering/3.1.1/maven-filtering-3.1.1.jar:/Users/clementearriagada/.m2/repository/org/sonatype/plexus/plexus-build-api/0.0.7/plexus-build-api-0.0.7.jar:/Users/clementearriagada/.m2/repository/org/codehaus/plexus/plexus-io/3.0.0/plexus-io-3.0.0.jar:/Users/clementearriagada/.m2/repository/org/apache/maven/maven-archiver/3.2.0/maven-archiver-3.2.0.jar:/Users/clementearriagada/.m2/repository/org/codehaus/plexus/plexus-utils/3.1.0/plexus-utils-3.1.0.jar:/Users/clementearriagada/.m2/repository/org/bouncycastle/bcpkix-jdk15on/1.65/bcpkix-jdk15on-1.65.jar:/Users/clementearriagada/.m2/repository/org/bouncycastle/bcprov-jdk15on/1.65/bcprov-jdk15on-1.65.jar:/Users/clementearriagada/.m2/repository/org/codehaus/plexus/plexus-interpolation/1.24/plexus-interpolation-1.24.jar:/Users/clementearriagada/.m2/repository/org/fusesource/jansi/jansi/1.16/jansi-1.16.jar:/Users/clementearriagada/.m2/repository/org/yaml/snakeyaml/2.2/snakeyaml-2.2.jar:/Users/clementearriagada/.m2/repository/dom4j/dom4j/1.1/dom4j-1.1.jar:/Users/clementearriagada/.m2/repository/junit/junit/4.13.2/junit-4.13.2.jar:/Users/clementearriagada/.m2/repository/org/hamcrest/hamcrest-core/2.2/hamcrest-core-2.2.jar:"/>
    <property name="java.vm.vendor" value="Eclipse Adoptium"/>
    <property name="sun.arch.data.model" value="64"/>
    <property name="java.vendor.url" value="https://adoptium.net/"/>
    <property name="user.timezone" value="America/Santiago"/>
    <property name="org.jboss.logging.provider" value="slf4j"/>
    <property name="os.name" value="Mac OS X"/>
    <property name="java.vm.specification.version" value="21"/>
    <property name="sun.java.launcher" value="SUN_STANDARD"/>
    <property name="user.country" value="419"/>
    <property name="sun.boot.library.path" value="/Users/clementearriagada/.sdkman/candidates/java/21.0.1-tem/lib"/>
    <property name="sun.java.command" value="/Users/clementearriagada/Desktop/user-management-service/target/surefire/surefirebooter-20240103133942820_3.jar /Users/clementearriagada/Desktop/user-management-service/target/surefire 2024-01-03T13-39-42_772-jvmRun1 surefire-20240103133942820_1tmp surefire_0-20240103133942820_2tmp"/>
    <property name="http.nonProxyHosts" value="local|*.local|169.254/16|*.169.254/16"/>
    <property name="jdk.debug" value="release"/>
    <property name="surefire.test.class.path" value="/Users/clementearriagada/Desktop/user-management-service/target/test-classes:/Users/clementearriagada/Desktop/user-management-service/target/classes:/Users/clementearriagada/.m2/repository/org/springframework/boot/spring-boot-starter-actuator/3.2.1/spring-boot-starter-actuator-3.2.1.jar:/Users/clementearriagada/.m2/repository/org/springframework/boot/spring-boot-starter/3.2.1/spring-boot-starter-3.2.1.jar:/Users/clementearriagada/.m2/repository/org/springframework/boot/spring-boot-starter-logging/3.2.1/spring-boot-starter-logging-3.2.1.jar:/Users/clementearriagada/.m2/repository/ch/qos/logback/logback-classic/1.4.14/logback-classic-1.4.14.jar:/Users/clementearriagada/.m2/repository/ch/qos/logback/logback-core/1.4.14/logback-core-1.4.14.jar:/Users/clementearriagada/.m2/repository/org/apache/logging/log4j/log4j-to-slf4j/2.21.1/log4j-to-slf4j-2.21.1.jar:/Users/clementearriagada/.m2/repository/org/apache/logging/log4j/log4j-api/2.21.1/log4j-api-2.21.1.jar:/Users/clementearriagada/.m2/repository/org/slf4j/jul-to-slf4j/2.0.9/jul-to-slf4j-2.0.9.jar:/Users/clementearriagada/.m2/repository/jakarta/annotation/jakarta.annotation-api/2.1.1/jakarta.annotation-api-2.1.1.jar:/Users/clementearriagada/.m2/repository/org/springframework/boot/spring-boot-actuator-autoconfigure/3.2.1/spring-boot-actuator-autoconfigure-3.2.1.jar:/Users/clementearriagada/.m2/repository/org/springframework/boot/spring-boot-actuator/3.2.1/spring-boot-actuator-3.2.1.jar:/Users/clementearriagada/.m2/repository/com/fasterxml/jackson/datatype/jackson-datatype-jsr310/2.15.3/jackson-datatype-jsr310-2.15.3.jar:/Users/clementearriagada/.m2/repository/io/micrometer/micrometer-observation/1.12.1/micrometer-observation-1.12.1.jar:/Users/clementearriagada/.m2/repository/io/micrometer/micrometer-commons/1.12.1/micrometer-commons-1.12.1.jar:/Users/clementearriagada/.m2/repository/io/micrometer/micrometer-jakarta9/1.12.1/micrometer-jakarta9-1.12.1.jar:/Users/clementearriagada/.m2/repository/io/micrometer/micrometer-core/1.12.1/micrometer-core-1.12.1.jar:/Users/clementearriagada/.m2/repository/org/hdrhistogram/HdrHistogram/2.1.12/HdrHistogram-2.1.12.jar:/Users/clementearriagada/.m2/repository/org/latencyutils/LatencyUtils/2.0.3/LatencyUtils-2.0.3.jar:/Users/clementearriagada/.m2/repository/org/springframework/boot/spring-boot-starter-data-jpa/3.2.1/spring-boot-starter-data-jpa-3.2.1.jar:/Users/clementearriagada/.m2/repository/org/springframework/boot/spring-boot-starter-aop/3.2.1/spring-boot-starter-aop-3.2.1.jar:/Users/clementearriagada/.m2/repository/org/aspectj/aspectjweaver/1.9.21/aspectjweaver-1.9.21.jar:/Users/clementearriagada/.m2/repository/org/springframework/boot/spring-boot-starter-jdbc/3.2.1/spring-boot-starter-jdbc-3.2.1.jar:/Users/clementearriagada/.m2/repository/com/zaxxer/HikariCP/5.0.1/HikariCP-5.0.1.jar:/Users/clementearriagada/.m2/repository/org/springframework/spring-jdbc/6.1.2/spring-jdbc-6.1.2.jar:/Users/clementearriagada/.m2/repository/org/springframework/data/spring-data-jpa/3.2.1/spring-data-jpa-3.2.1.jar:/Users/clementearriagada/.m2/repository/org/springframework/data/spring-data-commons/3.2.1/spring-data-commons-3.2.1.jar:/Users/clementearriagada/.m2/repository/org/springframework/spring-orm/6.1.2/spring-orm-6.1.2.jar:/Users/clementearriagada/.m2/repository/org/springframework/spring-context/6.1.2/spring-context-6.1.2.jar:/Users/clementearriagada/.m2/repository/org/springframework/spring-tx/6.1.2/spring-tx-6.1.2.jar:/Users/clementearriagada/.m2/repository/org/springframework/spring-beans/6.1.2/spring-beans-6.1.2.jar:/Users/clementearriagada/.m2/repository/org/slf4j/slf4j-api/2.0.9/slf4j-api-2.0.9.jar:/Users/clementearriagada/.m2/repository/org/springframework/spring-aspects/6.1.2/spring-aspects-6.1.2.jar:/Users/clementearriagada/.m2/repository/org/springframework/boot/spring-boot-starter-security/3.2.1/spring-boot-starter-security-3.2.1.jar:/Users/clementearriagada/.m2/repository/org/springframework/spring-aop/6.1.2/spring-aop-6.1.2.jar:/Users/clementearriagada/.m2/repository/org/springframework/security/spring-security-config/6.2.1/spring-security-config-6.2.1.jar:/Users/clementearriagada/.m2/repository/org/springframework/security/spring-security-web/6.2.1/spring-security-web-6.2.1.jar:/Users/clementearriagada/.m2/repository/org/springframework/spring-expression/6.1.2/spring-expression-6.1.2.jar:/Users/clementearriagada/.m2/repository/org/springframework/boot/spring-boot-starter-validation/3.2.1/spring-boot-starter-validation-3.2.1.jar:/Users/clementearriagada/.m2/repository/org/apache/tomcat/embed/tomcat-embed-el/10.1.17/tomcat-embed-el-10.1.17.jar:/Users/clementearriagada/.m2/repository/org/hibernate/validator/hibernate-validator/8.0.1.Final/hibernate-validator-8.0.1.Final.jar:/Users/clementearriagada/.m2/repository/jakarta/validation/jakarta.validation-api/3.0.2/jakarta.validation-api-3.0.2.jar:/Users/clementearriagada/.m2/repository/org/springframework/boot/spring-boot-starter-web/3.2.1/spring-boot-starter-web-3.2.1.jar:/Users/clementearriagada/.m2/repository/org/springframework/boot/spring-boot-starter-json/3.2.1/spring-boot-starter-json-3.2.1.jar:/Users/clementearriagada/.m2/repository/com/fasterxml/jackson/datatype/jackson-datatype-jdk8/2.15.3/jackson-datatype-jdk8-2.15.3.jar:/Users/clementearriagada/.m2/repository/com/fasterxml/jackson/module/jackson-module-parameter-names/2.15.3/jackson-module-parameter-names-2.15.3.jar:/Users/clementearriagada/.m2/repository/org/springframework/boot/spring-boot-starter-tomcat/3.2.1/spring-boot-starter-tomcat-3.2.1.jar:/Users/clementearriagada/.m2/repository/org/apache/tomcat/embed/tomcat-embed-core/10.1.17/tomcat-embed-core-10.1.17.jar:/Users/clementearriagada/.m2/repository/org/apache/tomcat/embed/tomcat-embed-websocket/10.1.17/tomcat-embed-websocket-10.1.17.jar:/Users/clementearriagada/.m2/repository/org/springframework/spring-web/6.1.2/spring-web-6.1.2.jar:/Users/clementearriagada/.m2/repository/org/springframework/spring-webmvc/6.1.2/spring-webmvc-6.1.2.jar:/Users/clementearriagada/.m2/repository/jakarta/persistence/jakarta.persistence-api/3.1.0/jakarta.persistence-api-3.1.0.jar:/Users/clementearriagada/.m2/repository/org/springframework/boot/spring-boot-devtools/3.2.1/spring-boot-devtools-3.2.1.jar:/Users/clementearriagada/.m2/repository/org/springframework/boot/spring-boot/3.2.1/spring-boot-3.2.1.jar:/Users/clementearriagada/.m2/repository/org/springframework/boot/spring-boot-autoconfigure/3.2.1/spring-boot-autoconfigure-3.2.1.jar:/Users/clementearriagada/.m2/repository/org/postgresql/postgresql/42.5.1/postgresql-42.5.1.jar:/Users/clementearriagada/.m2/repository/org/checkerframework/checker-qual/3.5.0/checker-qual-3.5.0.jar:/Users/clementearriagada/.m2/repository/org/projectlombok/lombok/1.18.30/lombok-1.18.30.jar:/Users/clementearriagada/.m2/repository/io/jsonwebtoken/jjwt-api/0.11.5/jjwt-api-0.11.5.jar:/Users/clementearriagada/.m2/repository/io/jsonwebtoken/jjwt-impl/0.11.5/jjwt-impl-0.11.5.jar:/Users/clementearriagada/.m2/repository/io/jsonwebtoken/jjwt-jackson/0.11.5/jjwt-jackson-0.11.5.jar:/Users/clementearriagada/.m2/repository/com/fasterxml/jackson/core/jackson-databind/2.15.3/jackson-databind-2.15.3.jar:/Users/clementearriagada/.m2/repository/com/fasterxml/jackson/core/jackson-annotations/2.15.3/jackson-annotations-2.15.3.jar:/Users/clementearriagada/.m2/repository/com/fasterxml/jackson/core/jackson-core/2.15.3/jackson-core-2.15.3.jar:/Users/clementearriagada/.m2/repository/org/springframework/boot/spring-boot-starter-test/3.2.1/spring-boot-starter-test-3.2.1.jar:/Users/clementearriagada/.m2/repository/org/springframework/boot/spring-boot-test/3.2.1/spring-boot-test-3.2.1.jar:/Users/clementearriagada/.m2/repository/org/springframework/boot/spring-boot-test-autoconfigure/3.2.1/spring-boot-test-autoconfigure-3.2.1.jar:/Users/clementearriagada/.m2/repository/com/jayway/jsonpath/json-path/2.8.0/json-path-2.8.0.jar:/Users/clementearriagada/.m2/repository/jakarta/xml/bind/jakarta.xml.bind-api/4.0.1/jakarta.xml.bind-api-4.0.1.jar:/Users/clementearriagada/.m2/repository/jakarta/activation/jakarta.activation-api/2.1.2/jakarta.activation-api-2.1.2.jar:/Users/clementearriagada/.m2/repository/net/minidev/json-smart/2.5.0/json-smart-2.5.0.jar:/Users/clementearriagada/.m2/repository/net/minidev/accessors-smart/2.5.0/accessors-smart-2.5.0.jar:/Users/clementearriagada/.m2/repository/org/assertj/assertj-core/3.24.2/assertj-core-3.24.2.jar:/Users/clementearriagada/.m2/repository/org/awaitility/awaitility/4.2.0/awaitility-4.2.0.jar:/Users/clementearriagada/.m2/repository/org/hamcrest/hamcrest/2.2/hamcrest-2.2.jar:/Users/clementearriagada/.m2/repository/org/junit/jupiter/junit-jupiter/5.10.1/junit-jupiter-5.10.1.jar:/Users/clementearriagada/.m2/repository/org/junit/jupiter/junit-jupiter-api/5.10.1/junit-jupiter-api-5.10.1.jar:/Users/clementearriagada/.m2/repository/org/opentest4j/opentest4j/1.3.0/opentest4j-1.3.0.jar:/Users/clementearriagada/.m2/repository/org/junit/platform/junit-platform-commons/1.10.1/junit-platform-commons-1.10.1.jar:/Users/clementearriagada/.m2/repository/org/apiguardian/apiguardian-api/1.1.2/apiguardian-api-1.1.2.jar:/Users/clementearriagada/.m2/repository/org/junit/jupiter/junit-jupiter-params/5.10.1/junit-jupiter-params-5.10.1.jar:/Users/clementearriagada/.m2/repository/org/junit/jupiter/junit-jupiter-engine/5.10.1/junit-jupiter-engine-5.10.1.jar:/Users/clementearriagada/.m2/repository/org/junit/platform/junit-platform-engine/1.10.1/junit-platform-engine-1.10.1.jar:/Users/clementearriagada/.m2/repository/org/mockito/mockito-core/5.7.0/mockito-core-5.7.0.jar:/Users/clementearriagada/.m2/repository/net/bytebuddy/byte-buddy-agent/1.14.10/byte-buddy-agent-1.14.10.jar:/Users/clementearriagada/.m2/repository/org/objenesis/objenesis/3.3/objenesis-3.3.jar:/Users/clementearriagada/.m2/repository/org/mockito/mockito-junit-jupiter/5.7.0/mockito-junit-jupiter-5.7.0.jar:/Users/clementearriagada/.m2/repository/org/skyscreamer/jsonassert/1.5.1/jsonassert-1.5.1.jar:/Users/clementearriagada/.m2/repository/com/vaadin/external/google/android-json/0.0.20131108.vaadin1/android-json-0.0.20131108.vaadin1.jar:/Users/clementearriagada/.m2/repository/org/springframework/spring-core/6.1.2/spring-core-6.1.2.jar:/Users/clementearriagada/.m2/repository/org/springframework/spring-jcl/6.1.2/spring-jcl-6.1.2.jar:/Users/clementearriagada/.m2/repository/org/springframework/spring-test/6.1.2/spring-test-6.1.2.jar:/Users/clementearriagada/.m2/repository/org/xmlunit/xmlunit-core/2.9.1/xmlunit-core-2.9.1.jar:/Users/clementearriagada/.m2/repository/org/springframework/security/spring-security-test/6.2.1/spring-security-test-6.2.1.jar:/Users/clementearriagada/.m2/repository/org/springframework/security/spring-security-core/6.2.1/spring-security-core-6.2.1.jar:/Users/clementearriagada/.m2/repository/org/springframework/security/spring-security-crypto/6.2.1/spring-security-crypto-6.2.1.jar:/Users/clementearriagada/.m2/repository/org/springdoc/springdoc-openapi-starter-webmvc-ui/2.1.0/springdoc-openapi-starter-webmvc-ui-2.1.0.jar:/Users/clementearriagada/.m2/repository/org/springdoc/springdoc-openapi-starter-webmvc-api/2.1.0/springdoc-openapi-starter-webmvc-api-2.1.0.jar:/Users/clementearriagada/.m2/repository/org/springdoc/springdoc-openapi-starter-common/2.1.0/springdoc-openapi-starter-common-2.1.0.jar:/Users/clementearriagada/.m2/repository/io/swagger/core/v3/swagger-core-jakarta/2.2.9/swagger-core-jakarta-2.2.9.jar:/Users/clementearriagada/.m2/repository/io/swagger/core/v3/swagger-models-jakarta/2.2.9/swagger-models-jakarta-2.2.9.jar:/Users/clementearriagada/.m2/repository/com/fasterxml/jackson/dataformat/jackson-dataformat-yaml/2.15.3/jackson-dataformat-yaml-2.15.3.jar:/Users/clementearriagada/.m2/repository/org/webjars/swagger-ui/4.18.2/swagger-ui-4.18.2.jar:/Users/clementearriagada/.m2/repository/org/hibernate/orm/hibernate-core/6.4.1.Final/hibernate-core-6.4.1.Final.jar:/Users/clementearriagada/.m2/repository/jakarta/transaction/jakarta.transaction-api/2.0.1/jakarta.transaction-api-2.0.1.jar:/Users/clementearriagada/.m2/repository/org/jboss/logging/jboss-logging/3.5.3.Final/jboss-logging-3.5.3.Final.jar:/Users/clementearriagada/.m2/repository/org/hibernate/common/hibernate-commons-annotations/6.0.6.Final/hibernate-commons-annotations-6.0.6.Final.jar:/Users/clementearriagada/.m2/repository/io/smallrye/jandex/3.1.2/jandex-3.1.2.jar:/Users/clementearriagada/.m2/repository/com/fasterxml/classmate/1.6.0/classmate-1.6.0.jar:/Users/clementearriagada/.m2/repository/net/bytebuddy/byte-buddy/1.14.10/byte-buddy-1.14.10.jar:/Users/clementearriagada/.m2/repository/org/glassfish/jaxb/jaxb-runtime/4.0.4/jaxb-runtime-4.0.4.jar:/Users/clementearriagada/.m2/repository/org/glassfish/jaxb/jaxb-core/4.0.4/jaxb-core-4.0.4.jar:/Users/clementearriagada/.m2/repository/org/eclipse/angus/angus-activation/2.0.1/angus-activation-2.0.1.jar:/Users/clementearriagada/.m2/repository/org/glassfish/jaxb/txw2/4.0.4/txw2-4.0.4.jar:/Users/clementearriagada/.m2/repository/com/sun/istack/istack-commons-runtime/4.1.2/istack-commons-runtime-4.1.2.jar:/Users/clementearriagada/.m2/repository/jakarta/inject/jakarta.inject-api/2.0.1/jakarta.inject-api-2.0.1.jar:/Users/clementearriagada/.m2/repository/org/antlr/antlr4-runtime/4.13.0/antlr4-runtime-4.13.0.jar:/Users/clementearriagada/.m2/repository/org/jetbrains/annotations/23.0.0/annotations-23.0.0.jar:/Users/clementearriagada/.m2/repository/io/swagger/core/v3/swagger-annotations-jakarta/2.2.9/swagger-annotations-jakarta-2.2.9.jar:/Users/clementearriagada/.m2/repository/io/fabric8/docker-maven-plugin/0.43.4/docker-maven-plugin-0.43.4.jar:/Users/clementearriagada/.m2/repository/com/github/jnr/jffi/1.3.11/jffi-1.3.11.jar:/Users/clementearriagada/.m2/repository/com/github/jnr/jffi/1.3.11/jffi-1.3.11-native.jar:/Users/clementearriagada/.m2/repository/com/github/jnr/jnr-unixsocket/0.38.19/jnr-unixsocket-0.38.19.jar:/Users/clementearriagada/.m2/repository/com/github/jnr/jnr-ffi/2.2.13/jnr-ffi-2.2.13.jar:/Users/clementearriagada/.m2/repository/org/ow2/asm/asm-commons/9.2/asm-commons-9.2.jar:/Users/clementearriagada/.m2/repository/org/ow2/asm/asm-analysis/9.2/asm-analysis-9.2.jar:/Users/clementearriagada/.m2/repository/org/ow2/asm/asm-tree/9.2/asm-tree-9.2.jar:/Users/clementearriagada/.m2/repository/org/ow2/asm/asm-util/9.2/asm-util-9.2.jar:/Users/clementearriagada/.m2/repository/com/github/jnr/jnr-a64asm/1.0.0/jnr-a64asm-1.0.0.jar:/Users/clementearriagada/.m2/repository/com/github/jnr/jnr-x86asm/1.0.2/jnr-x86asm-1.0.2.jar:/Users/clementearriagada/.m2/repository/com/github/jnr/jnr-constants/0.10.4/jnr-constants-0.10.4.jar:/Users/clementearriagada/.m2/repository/com/github/jnr/jnr-enxio/0.32.14/jnr-enxio-0.32.14.jar:/Users/clementearriagada/.m2/repository/com/github/jnr/jnr-posix/3.1.16/jnr-posix-3.1.16.jar:/Users/clementearriagada/.m2/repository/com/google/cloud/tools/jib-core/0.24.0/jib-core-0.24.0.jar:/Users/clementearriagada/.m2/repository/com/google/cloud/tools/jib-build-plan/0.4.0/jib-build-plan-0.4.0.jar:/Users/clementearriagada/.m2/repository/com/google/http-client/google-http-client/1.42.2/google-http-client-1.42.2.jar:/Users/clementearriagada/.m2/repository/io/opencensus/opencensus-api/0.31.1/opencensus-api-0.31.1.jar:/Users/clementearriagada/.m2/repository/io/grpc/grpc-context/1.27.2/grpc-context-1.27.2.jar:/Users/clementearriagada/.m2/repository/io/opencensus/opencensus-contrib-http-util/0.31.1/opencensus-contrib-http-util-0.31.1.jar:/Users/clementearriagada/.m2/repository/com/google/http-client/google-http-client-apache-v2/1.42.2/google-http-client-apache-v2-1.42.2.jar:/Users/clementearriagada/.m2/repository/com/google/auth/google-auth-library-oauth2-http/1.10.0/google-auth-library-oauth2-http-1.10.0.jar:/Users/clementearriagada/.m2/repository/com/google/auto/value/auto-value-annotations/1.9/auto-value-annotations-1.9.jar:/Users/clementearriagada/.m2/repository/com/google/auth/google-auth-library-credentials/1.10.0/google-auth-library-credentials-1.10.0.jar:/Users/clementearriagada/.m2/repository/com/google/http-client/google-http-client-gson/1.42.2/google-http-client-gson-1.42.2.jar:/Users/clementearriagada/.m2/repository/org/apache/commons/commons-compress/1.21/commons-compress-1.21.jar:/Users/clementearriagada/.m2/repository/org/ow2/asm/asm/9.5/asm-9.5.jar:/Users/clementearriagada/.m2/repository/com/google/code/gson/gson/2.10.1/gson-2.10.1.jar:/Users/clementearriagada/.m2/repository/com/google/guava/guava/32.0.1-jre/guava-32.0.1-jre.jar:/Users/clementearriagada/.m2/repository/com/google/guava/failureaccess/1.0.1/failureaccess-1.0.1.jar:/Users/clementearriagada/.m2/repository/com/google/guava/listenablefuture/9999.0-empty-to-avoid-conflict-with-guava/listenablefuture-9999.0-empty-to-avoid-conflict-with-guava.jar:/Users/clementearriagada/.m2/repository/com/google/code/findbugs/jsr305/3.0.2/jsr305-3.0.2.jar:/Users/clementearriagada/.m2/repository/com/google/errorprone/error_prone_annotations/2.18.0/error_prone_annotations-2.18.0.jar:/Users/clementearriagada/.m2/repository/com/google/j2objc/j2objc-annotations/2.8/j2objc-annotations-2.8.jar:/Users/clementearriagada/.m2/repository/net/jodah/failsafe/2.4.0/failsafe-2.4.0.jar:/Users/clementearriagada/.m2/repository/org/apache/commons/commons-lang3/3.13.0/commons-lang3-3.13.0.jar:/Users/clementearriagada/.m2/repository/org/apache/commons/commons-text/1.1/commons-text-1.1.jar:/Users/clementearriagada/.m2/repository/org/apache/httpcomponents/httpclient/4.5.13/httpclient-4.5.13.jar:/Users/clementearriagada/.m2/repository/org/apache/httpcomponents/httpcore/4.4.16/httpcore-4.4.16.jar:/Users/clementearriagada/.m2/repository/commons-logging/commons-logging/1.2/commons-logging-1.2.jar:/Users/clementearriagada/.m2/repository/commons-codec/commons-codec/1.16.0/commons-codec-1.16.0.jar:/Users/clementearriagada/.m2/repository/org/apache/maven/plugins/maven-assembly-plugin/3.1.0/maven-assembly-plugin-3.1.0.jar:/Users/clementearriagada/.m2/repository/org/apache/maven/maven-plugin-api/3.0/maven-plugin-api-3.0.jar:/Users/clementearriagada/.m2/repository/org/sonatype/sisu/sisu-inject-plexus/1.4.2/sisu-inject-plexus-1.4.2.jar:/Users/clementearriagada/.m2/repository/org/sonatype/sisu/sisu-inject-bean/1.4.2/sisu-inject-bean-1.4.2.jar:/Users/clementearriagada/.m2/repository/org/sonatype/sisu/sisu-guice/2.1.7/sisu-guice-2.1.7-noaop.jar:/Users/clementearriagada/.m2/repository/org/apache/maven/maven-core/3.0/maven-core-3.0.jar:/Users/clementearriagada/.m2/repository/org/apache/maven/maven-settings/3.0/maven-settings-3.0.jar:/Users/clementearriagada/.m2/repository/org/apache/maven/maven-settings-builder/3.0/maven-settings-builder-3.0.jar:/Users/clementearriagada/.m2/repository/org/apache/maven/maven-repository-metadata/3.0/maven-repository-metadata-3.0.jar:/Users/clementearriagada/.m2/repository/org/apache/maven/maven-model-builder/3.0/maven-model-builder-3.0.jar:/Users/clementearriagada/.m2/repository/org/apache/maven/maven-aether-provider/3.0/maven-aether-provider-3.0.jar:/Users/clementearriagada/.m2/repository/org/sonatype/aether/aether-impl/1.7/aether-impl-1.7.jar:/Users/clementearriagada/.m2/repository/org/sonatype/aether/aether-spi/1.7/aether-spi-1.7.jar:/Users/clementearriagada/.m2/repository/org/sonatype/aether/aether-api/1.7/aether-api-1.7.jar:/Users/clementearriagada/.m2/repository/org/sonatype/aether/aether-util/1.7/aether-util-1.7.jar:/Users/clementearriagada/.m2/repository/org/codehaus/plexus/plexus-classworlds/2.2.3/plexus-classworlds-2.2.3.jar:/Users/clementearriagada/.m2/repository/org/codehaus/plexus/plexus-component-annotations/1.5.5/plexus-component-annotations-1.5.5.jar:/Users/clementearriagada/.m2/repository/org/sonatype/plexus/plexus-sec-dispatcher/1.3/plexus-sec-dispatcher-1.3.jar:/Users/clementearriagada/.m2/repository/org/sonatype/plexus/plexus-cipher/1.4/plexus-cipher-1.4.jar:/Users/clementearriagada/.m2/repository/org/apache/maven/maven-artifact/3.0/maven-artifact-3.0.jar:/Users/clementearriagada/.m2/repository/org/apache/maven/maven-model/3.0/maven-model-3.0.jar:/Users/clementearriagada/.m2/repository/org/apache/maven/shared/maven-common-artifact-filters/3.0.1/maven-common-artifact-filters-3.0.1.jar:/Users/clementearriagada/.m2/repository/org/apache/maven/shared/maven-shared-utils/3.1.0/maven-shared-utils-3.1.0.jar:/Users/clementearriagada/.m2/repository/org/apache/maven/shared/maven-artifact-transfer/0.9.0/maven-artifact-transfer-0.9.0.jar:/Users/clementearriagada/.m2/repository/org/codehaus/plexus/plexus-archiver/3.5/plexus-archiver-3.5.jar:/Users/clementearriagada/.m2/repository/org/iq80/snappy/snappy/0.4/snappy-0.4.jar:/Users/clementearriagada/.m2/repository/org/tukaani/xz/1.6/xz-1.6.jar:/Users/clementearriagada/.m2/repository/org/apache/maven/shared/file-management/3.0.0/file-management-3.0.0.jar:/Users/clementearriagada/.m2/repository/org/apache/maven/shared/maven-shared-io/3.0.0/maven-shared-io-3.0.0.jar:/Users/clementearriagada/.m2/repository/org/apache/maven/maven-compat/3.0/maven-compat-3.0.jar:/Users/clementearriagada/.m2/repository/org/apache/maven/wagon/wagon-provider-api/2.10/wagon-provider-api-2.10.jar:/Users/clementearriagada/.m2/repository/commons-io/commons-io/2.5/commons-io-2.5.jar:/Users/clementearriagada/.m2/repository/org/apache/maven/shared/maven-filtering/3.1.1/maven-filtering-3.1.1.jar:/Users/clementearriagada/.m2/repository/org/sonatype/plexus/plexus-build-api/0.0.7/plexus-build-api-0.0.7.jar:/Users/clementearriagada/.m2/repository/org/codehaus/plexus/plexus-io/3.0.0/plexus-io-3.0.0.jar:/Users/clementearriagada/.m2/repository/org/apache/maven/maven-archiver/3.2.0/maven-archiver-3.2.0.jar:/Users/clementearriagada/.m2/repository/org/codehaus/plexus/plexus-utils/3.1.0/plexus-utils-3.1.0.jar:/Users/clementearriagada/.m2/repository/org/bouncycastle/bcpkix-jdk15on/1.65/bcpkix-jdk15on-1.65.jar:/Users/clementearriagada/.m2/repository/org/bouncycastle/bcprov-jdk15on/1.65/bcprov-jdk15on-1.65.jar:/Users/clementearriagada/.m2/repository/org/codehaus/plexus/plexus-interpolation/1.24/plexus-interpolation-1.24.jar:/Users/clementearriagada/.m2/repository/org/fusesource/jansi/jansi/1.16/jansi-1.16.jar:/Users/clementearriagada/.m2/repository/org/yaml/snakeyaml/2.2/snakeyaml-2.2.jar:/Users/clementearriagada/.m2/repository/dom4j/dom4j/1.1/dom4j-1.1.jar:/Users/clementearriagada/.m2/repository/junit/junit/4.13.2/junit-4.13.2.jar:/Users/clementearriagada/.m2/repository/org/hamcrest/hamcrest-core/2.2/hamcrest-core-2.2.jar:"/>
    <property name="sun.cpu.endian" value="little"/>
    <property name="user.home" value="/Users/clementearriagada"/>
    <property name="user.language" value="es"/>
    <property name="java.specification.vendor" value="Oracle Corporation"/>
    <property name="java.version.date" value="2023-10-17"/>
    <property name="java.home" value="/Users/clementearriagada/.sdkman/candidates/java/21.0.1-tem"/>
    <property name="file.separator" value="/"/>
    <property name="basedir" value="/Users/clementearriagada/Desktop/user-management-service"/>
    <property name="java.vm.compressedOopsMode" value="Zero based"/>
    <property name="line.separator" value="&#10;"/>
    <property name="java.vm.specification.vendor" value="Oracle Corporation"/>
    <property name="java.specification.name" value="Java Platform API Specification"/>
    <property name="FILE_LOG_CHARSET" value="UTF-8"/>
    <property name="java.awt.headless" value="true"/>
    <property name="apple.awt.application.name" value="ForkedBooter"/>
    <property name="surefire.real.class.path" value="/Users/clementearriagada/Desktop/user-management-service/target/surefire/surefirebooter-20240103133942820_3.jar"/>
    <property name="sun.management.compiler" value="HotSpot 64-Bit Tiered Compilers"/>
    <property name="ftp.nonProxyHosts" value="local|*.local|169.254/16|*.169.254/16"/>
    <property name="java.runtime.version" value="21.0.1+12-LTS"/>
    <property name="user.name" value="clementearriagada"/>
    <property name="stdout.encoding" value="US-ASCII"/>
    <property name="path.separator" value=":"/>
    <property name="os.version" value="14.2"/>
    <property name="java.runtime.name" value="OpenJDK Runtime Environment"/>
    <property name="file.encoding" value="UTF-8"/>
    <property name="java.vm.name" value="OpenJDK 64-Bit Server VM"/>
    <property name="java.vendor.version" value="Temurin-21.0.1+12"/>
    <property name="localRepository" value="/Users/clementearriagada/.m2/repository"/>
    <property name="java.vendor.url.bug" value="https://github.com/adoptium/adoptium-support/issues"/>
    <property name="java.io.tmpdir" value="/var/folders/qn/fcr5n77n0clbk5_851n63tj80000gn/T/"/>
    <property name="idea.version" value="2023.3.1"/>
    <property name="com.zaxxer.hikari.pool_number" value="1"/>
    <property name="java.version" value="21.0.1"/>
    <property name="user.dir" value="/Users/clementearriagada/Desktop/user-management-service"/>
    <property name="os.arch" value="aarch64"/>
    <property name="java.vm.specification.name" value="Java Virtual Machine Specification"/>
    <property name="PID" value="19181"/>
    <property name="CONSOLE_LOG_CHARSET" value="UTF-8"/>
    <property name="native.encoding" value="US-ASCII"/>
    <property name="java.library.path" value="/Users/clementearriagada/Library/Java/Extensions:/Library/Java/Extensions:/Network/Library/Java/Extensions:/System/Library/Java/Extensions:/usr/lib/java:."/>
    <property name="java.vm.info" value="mixed mode"/>
    <property name="stderr.encoding" value="US-ASCII"/>
    <property name="java.vendor" value="Eclipse Adoptium"/>
    <property name="java.vm.version" value="21.0.1+12-LTS"/>
    <property name="sun.io.unicode.encoding" value="UnicodeBig"/>
    <property name="socksNonProxyHosts" value="local|*.local|169.254/16|*.169.254/16"/>
    <property name="java.class.version" value="65.0"/>
  </properties>
  <testcase name="contextLoads" classname="com.user.usermanagementservice.UserManagementMicroserviceApplicationTests" time="0.002">
    <system-out><![CDATA[2024-01-03T13:39:56.760-03:00  INFO 19181 --- [           main] t.c.s.AnnotationConfigContextLoaderUtils : Could not detect default configuration classes for test class [com.user.usermanagementservice.UserManagementMicroserviceApplicationTests]: UserManagementMicroserviceApplicationTests does not declare any static, non-private, non-final, nested classes annotated with @Configuration.
2024-01-03T13:39:56.764-03:00  INFO 19181 --- [           main] .b.t.c.SpringBootTestContextBootstrapper : Found @SpringBootConfiguration com.user.usermanagementservice.UserManagementMicroserviceApplication for test class com.user.usermanagementservice.UserManagementMicroserviceApplicationTests
]]></system-out>
  </testcase>
</testsuite>